This is pdfTeX, Version 3.141592653-2.6-1.40.24 (MiKTeX 22.12) (preloaded format=pdflatex 2023.1.8)  26 MAY 2023 15:10
entering extended mode
 restricted \write18 enabled.
 file:line:error style messages enabled.
 %&-line parsing enabled.
**"c:/Users/Ignacio Lembo/Documents/GitHub/IFAMO/revtex-tds-2020-10-22/revtex-tds/doc/latex/revtex/sample/aps/apssamp.tex"
(c:/Users/Ignacio Lembo/Documents/GitHub/IFAMO/revtex-tds-2020-10-22/revtex-tds/doc/latex/revtex/sample/aps/apssamp.tex
LaTeX2e <2022-11-01> patch level 1
L3 programming layer <2022-12-17> (C:\Users\Ignacio Lembo\AppData\Local\Programs\MiKTeX\tex/latex/revtex\revtex4-2.cls
Document Class: revtex4-2 2020/10/03 4.2e (https://journals.aps.org/revtex/ for documentation)
 Copyright (c) 2019 American Physical Society.
 mailto:revtex@aps.org
 Licensed under the LPPL:
http://www.ctan.org/tex-archive/macros/latex/base/lppl.txt
 Arthur Ogawa <arthur_ogawa at sbcglobal dot net>
 Based on work by David Carlisle <david at dcarlisle.demon.co.uk>
 Version (4.2d,4.2e): Modified by Mark Doyle and Phelype Oleinik
 .
ltxutil[2020/10/03 4.2e utilities package (portions licensed from W. E. Baxter web at superscript.com)]
LaTeX Info: Redefining \@centercr on input line 356.
Class revtex4-2 Info: Repairing hyperref-unfriendly LaTeX definition of \mpfootnote on input line 481.
Class revtex4-2 Info: Repairing broken LateX \@sect on input line 803.
\intertabularlinepenalty=\count185
\@tbpen=\count186
\@arstrutbox@hline=\box51
Class revtex4-2 Info: Repairing broken LaTeX \@xbitor on input line 1834.
Class revtex4-2 Info: Making \typeout \long on input line 2099.
ltxfront[2020/10/03 4.2e frontmatter package (AO,DPC,MD)]
\c@affil=\count187
\c@collab=\count188
\absbox=\box52
ltxgrid[2020/10/03 4.2e page grid package (portions licensed from W. E. Baxter web at superscript.com)]
\c@linecount=\count189
\output@latex=\toks16
\box@size@1=\box53
\box@size@2=\box54
\@protection@box=\box55
\@topmark@saved=\toks17
\footins@saved=\box56
\footins@recovered=\box57
\column@recovered=\box58
\pagesofar=\box59
\footsofar=\box60
\pagegrid@col=\count190
Class revtex4-2 Info: Overriding \@vspace, \@vspacer, \@no@pgbk, \@newline, and \\  on input line 5665.
\c@part=\count191
\c@section=\count192
\c@subsection=\count193
\c@subsubsection=\count194
\c@paragraph=\count195
\c@subparagraph=\count196
\abovecaptionskip=\skip48
\belowcaptionskip=\skip49
\c@figure=\count197
\fbox@1=\box61
\c@table=\count198
\fbox@2=\box62
\c@video=\count199
\fbox@4=\box63
\@bibdataout=\write3
\widetext@top=\box64
\widetext@bot=\box65
Class revtex4-2 Info: Selecting society aps on input line 7658.
(C:\Users\Ignacio Lembo\AppData\Local\Programs\MiKTeX\tex/latex/revtex\aps4-2.rtx
File: aps4-2 2020/10/03 4.2e (https://journals.aps.org/revtex/ for documentation)
Class revtex4-2 Info: RevTeX society APS selected on input line 40.
)

Class revtex4-2 Warning: No journal specified, using default pra.

Class revtex4-2 Info: APS journal PRA selected on input line 7661.
(C:\Users\Ignacio Lembo\AppData\Local\Programs\MiKTeX\tex/latex/revtex\aps10pt4-2.rtx
File: aps10pt4-2 2020/10/03 4.2e (https://journals.aps.org/revtex/ for documentation)
Class revtex4-2 Info: RevTeX pointsize 10pt selected on input line 39.
) (C:\Users\Ignacio Lembo\AppData\Local\Programs\MiKTeX\tex/latex/textcase\textcase.sty
Package: textcase 2022/07/10 v1.03 Text only upper/lower case changing (DPC)
Package textcase Info: Defining Legacy names on input line 20.
) (C:\Users\Ignacio Lembo\AppData\Local\Programs\MiKTeX\tex/latex/amsfonts\amssymb.sty
Package: amssymb 2013/01/14 v3.01 AMS font symbols
 (C:\Users\Ignacio Lembo\AppData\Local\Programs\MiKTeX\tex/latex/amsfonts\amsfonts.sty
Package: amsfonts 2013/01/14 v3.01 Basic AMSFonts support
\@emptytoks=\toks18
\symAMSa=\mathgroup4
\symAMSb=\mathgroup5
LaTeX Font Info:    Redeclaring math symbol \hbar on input line 98.
LaTeX Font Info:    Overwriting math alphabet `\mathfrak' in version `bold'
(Font)                  U/euf/m/n --> U/euf/b/n on input line 106.
)) (C:\Users\Ignacio Lembo\AppData\Local\Programs\MiKTeX\tex/latex/amsmath\amsmath.sty
Package: amsmath 2022/04/08 v2.17n AMS math features
\@mathmargin=\skip50

For additional information on amsmath, use the `?' option.
(C:\Users\Ignacio Lembo\AppData\Local\Programs\MiKTeX\tex/latex/amsmath\amstext.sty
Package: amstext 2021/08/26 v2.01 AMS text
 (C:\Users\Ignacio Lembo\AppData\Local\Programs\MiKTeX\tex/latex/amsmath\amsgen.sty
File: amsgen.sty 1999/11/30 v2.0 generic functions
\@emptytoks=\toks19
\ex@=\dimen140
)
LaTeX Info: Redefining \text on input line 28.
) (C:\Users\Ignacio Lembo\AppData\Local\Programs\MiKTeX\tex/latex/amsmath\amsbsy.sty
Package: amsbsy 1999/11/29 v1.2d Bold Symbols
\pmbraise@=\dimen141
) (C:\Users\Ignacio Lembo\AppData\Local\Programs\MiKTeX\tex/latex/amsmath\amsopn.sty
Package: amsopn 2022/04/08 v2.04 operator names
)
\inf@bad=\count266
LaTeX Info: Redefining \frac on input line 234.
\uproot@=\count267
\leftroot@=\count268
LaTeX Info: Redefining \overline on input line 399.
LaTeX Info: Redefining \colon on input line 410.
\classnum@=\count269
\DOTSCASE@=\count270
LaTeX Info: Redefining \ldots on input line 496.
LaTeX Info: Redefining \dots on input line 499.
LaTeX Info: Redefining \cdots on input line 620.
\Mathstrutbox@=\box66
\strutbox@=\box67
LaTeX Info: Redefining \big on input line 722.
LaTeX Info: Redefining \Big on input line 723.
LaTeX Info: Redefining \bigg on input line 724.
LaTeX Info: Redefining \Bigg on input line 725.
\big@size=\dimen142
LaTeX Font Info:    Redeclaring font encoding OML on input line 743.
LaTeX Font Info:    Redeclaring font encoding OMS on input line 744.
\macc@depth=\count271
LaTeX Info: Redefining \bmod on input line 905.
LaTeX Info: Redefining \pmod on input line 910.
LaTeX Info: Redefining \smash on input line 940.
LaTeX Info: Redefining \relbar on input line 970.
LaTeX Info: Redefining \Relbar on input line 971.
\c@MaxMatrixCols=\count272
\dotsspace@=\muskip16
\c@parentequation=\count273
\dspbrk@lvl=\count274
\tag@help=\toks20
\row@=\count275
\column@=\count276
\maxfields@=\count277
\andhelp@=\toks21
\eqnshift@=\dimen143
\alignsep@=\dimen144
\tagshift@=\dimen145
\tagwidth@=\dimen146
\totwidth@=\dimen147
\lineht@=\dimen148
\@envbody=\toks22
\multlinegap=\skip51
\multlinetaggap=\skip52
\mathdisplay@stack=\toks23
LaTeX Info: Redefining \[ on input line 2953.
LaTeX Info: Redefining \] on input line 2954.
) (C:\Users\Ignacio Lembo\AppData\Local\Programs\MiKTeX\tex/latex/url\url.sty
\Urlmuskip=\muskip17
Package: url 2013/09/16  ver 3.4  Verb mode for urls, etc.
) (C:\Users\Ignacio Lembo\AppData\Local\Programs\MiKTeX\tex/latex/natbib\natbib.sty
Package: natbib 2010/09/13 8.31b (PWD, AO)
\bibhang=\skip53
\bibsep=\skip54
LaTeX Info: Redefining \cite on input line 694.
\c@NAT@ctr=\count278
)
Class revtex4-2 Info: Repairing natbib's \BibitemShut on input line 7665.
 (C:\Users\Ignacio Lembo\AppData\Local\Programs\MiKTeX\tex/latex/revtex\revsymb4-2.sty
Package: revsymb4-2 2020/10/03 4.2e (https://journals.aps.org/revtex/ for documentation)
LaTeX Info: Redefining \frak on input line 104.
LaTeX Info: Redefining \Bbb on input line 120.
LaTeX Info: Redefining \REV@mathfrak on input line 128.
)) (C:\Users\Ignacio Lembo\AppData\Local\Programs\MiKTeX\tex/latex/graphics\graphicx.sty
Package: graphicx 2021/09/16 v1.2d Enhanced LaTeX Graphics (DPC,SPQR)
 (C:\Users\Ignacio Lembo\AppData\Local\Programs\MiKTeX\tex/latex/graphics\keyval.sty
Package: keyval 2022/05/29 v1.15 key=value parser (DPC)
\KV@toks@=\toks24
) (C:\Users\Ignacio Lembo\AppData\Local\Programs\MiKTeX\tex/latex/graphics\graphics.sty
Package: graphics 2022/03/10 v1.4e Standard LaTeX Graphics (DPC,SPQR)
 (C:\Users\Ignacio Lembo\AppData\Local\Programs\MiKTeX\tex/latex/graphics\trig.sty
Package: trig 2021/08/11 v1.11 sin cos tan (DPC)
) (C:\Users\Ignacio Lembo\AppData\Local\Programs\MiKTeX\tex/latex/graphics-cfg\graphics.cfg
File: graphics.cfg 2016/06/04 v1.11 sample graphics configuration
)
Package graphics Info: Driver file: pdftex.def on input line 107.
 (C:\Users\Ignacio Lembo\AppData\Local\Programs\MiKTeX\tex/latex/graphics-def\pdftex.def
File: pdftex.def 2022/09/22 v1.2b Graphics/color driver for pdftex
))
\Gin@req@height=\dimen149
\Gin@req@width=\dimen150
) (C:\Users\Ignacio Lembo\AppData\Local\Programs\MiKTeX\tex/latex/tools\dcolumn.sty
Package: dcolumn 2014/10/28 v1.06 decimal alignment package (DPC)
 (C:\Users\Ignacio Lembo\AppData\Local\Programs\MiKTeX\tex/latex/tools\array.sty
Package: array 2022/03/10 v2.5f Tabular extension package (FMi)
\col@sep=\dimen151
\ar@mcellbox=\box68
\extrarowheight=\dimen152
\NC@list=\toks25
\extratabsurround=\skip55
\backup@length=\skip56
\ar@cellbox=\box69
)) (C:\Users\Ignacio Lembo\AppData\Local\Programs\MiKTeX\tex/latex/tools\bm.sty
Package: bm 2022/01/05 v1.2f Bold Symbol Support (DPC/FMi)
\symboldoperators=\mathgroup6
\symboldletters=\mathgroup7
\symboldsymbols=\mathgroup8
Package bm Info: No bold for \OMX/cmex/m/n, using \pmb.
Package bm Info: No bold for \U/msa/m/n, using \pmb.
Package bm Info: No bold for \U/msb/m/n, using \pmb.
LaTeX Font Info:    Redeclaring math alphabet \mathbf on input line 149.
LaTeX Info: Redefining \bm on input line 219.
)
Class revtex4-2 Info: Unrecognized array package. Please update this document class! (Proceeding with fingers crossed.) on input line 58.
Class revtex4-2 Info: cite was not loaded (OK!) on input line 58.
Class revtex4-2 Info: mcite was not loaded (OK!) on input line 58.
Class revtex4-2 Info: multicol was not loaded (OK!) on input line 58.
 (C:\Users\Ignacio Lembo\AppData\Local\Programs\MiKTeX\tex/latex/l3backend\l3backend-pdftex.def
File: l3backend-pdftex.def 2022-10-26 L3 backend support: PDF output (pdfTeX)
\l__color_backend_stack_int=\count279
\l__pdf_internal_box=\box70
) (c:\Users\Ignacio Lembo\Documents\GitHub\IFAMO\revtex-tds-2020-10-22\revtex-tds\doc\latex\revtex\sample\aps\build\apssamp.aux)
\openout1 = `apssamp.aux'.

LaTeX Font Info:    Checking defaults for OML/cmm/m/it on input line 58.
LaTeX Font Info:    ... okay on input line 58.
LaTeX Font Info:    Checking defaults for OMS/cmsy/m/n on input line 58.
LaTeX Font Info:    ... okay on input line 58.
LaTeX Font Info:    Checking defaults for OT1/cmr/m/n on input line 58.
LaTeX Font Info:    ... okay on input line 58.
LaTeX Font Info:    Checking defaults for T1/cmr/m/n on input line 58.
LaTeX Font Info:    ... okay on input line 58.
LaTeX Font Info:    Checking defaults for TS1/cmr/m/n on input line 58.
LaTeX Font Info:    ... okay on input line 58.
LaTeX Font Info:    Checking defaults for OMX/cmex/m/n on input line 58.
LaTeX Font Info:    ... okay on input line 58.
LaTeX Font Info:    Checking defaults for U/cmr/m/n on input line 58.
LaTeX Font Info:    ... okay on input line 58.
 (C:\Users\Ignacio Lembo\AppData\Local\Programs\MiKTeX\tex/context/base/mkii\supp-pdf.mkii
[Loading MPS to PDF converter (version 2006.09.02).]
\scratchcounter=\count280
\scratchdimen=\dimen153
\scratchbox=\box71
\nofMPsegments=\count281
\nofMParguments=\count282
\everyMPshowfont=\toks26
\MPscratchCnt=\count283
\MPscratchDim=\dimen154
\MPnumerator=\count284
\makeMPintoPDFobject=\count285
\everyMPtoPDFconversion=\toks27
) (C:\Users\Ignacio Lembo\AppData\Local\Programs\MiKTeX\tex/latex/epstopdf-pkg\epstopdf-base.sty
Package: epstopdf-base 2020-01-24 v2.11 Base part for package epstopdf
Package epstopdf-base Info: Redefining graphics rule for `.eps' on input line 485.
 (C:\Users\Ignacio Lembo\AppData\Local\Programs\MiKTeX\tex/latex/00miktex\epstopdf-sys.cfg
File: epstopdf-sys.cfg 2021/03/18 v2.0 Configuration of epstopdf for MiKTeX
))
\openout3 = `apssampNotes.bib'.



Class revtex4-2 Warning: Assuming \noaffiliation for collaboration.

LaTeX Font Info:    Trying to load font information for U+msa on input line 110.
(C:\Users\Ignacio Lembo\AppData\Local\Programs\MiKTeX\tex/latex/amsfonts\umsa.fd
File: umsa.fd 2013/01/14 v3.01 AMS symbols A
)
LaTeX Font Info:    Trying to load font information for U+msb on input line 110.
 (C:\Users\Ignacio Lembo\AppData\Local\Programs\MiKTeX\tex/latex/amsfonts\umsb.fd
File: umsb.fd 2013/01/14 v3.01 AMS symbols B
)
LaTeX Font Info:    Trying to load font information for OMS+cmr on input line 110.
 (C:\Users\Ignacio Lembo\AppData\Local\Programs\MiKTeX\tex/latex/base\omscmr.fd
File: omscmr.fd 2022/07/10 v2.5l Standard LaTeX font definitions
)
LaTeX Font Info:    Font shape `OMS/cmr/m/it' in size <9> not available
(Font)              Font shape `OMS/cmsy/m/n' tried instead on input line 110.
LaTeX Font Info:    Font shape `OMS/cmr/bx/n' in size <9> not available
(Font)              Font shape `OMS/cmsy/b/n' tried instead on input line 115.
LaTeX Font Info:    Font shape `OMS/cmr/m/n' in size <10> not available
(Font)              Font shape `OMS/cmsy/m/n' tried instead on input line 132.
 [1{C:/Users/Ignacio Lembo/AppData/Local/MiKTeX/fonts/map/pdftex/pdftex.map}]
Underfull \hbox (badness 1062) in paragraph at lines 252--263
\OT1/cmr/m/n/10 BibT[]X (one of these should be by arXiv con-ven-
 []


Underfull \hbox (badness 1205) in paragraph at lines 252--263
\OT1/cmr/m/n/10 tion \OT1/cmtt/m/n/10 apssamp.bib\OT1/cmr/m/n/10 ). Run-ning BibT[]X (via \OT1/cmtt/m/n/10 bibtex
 []


Underfull \hbox (badness 1215) in paragraph at lines 252--263
\OT1/cmr/m/n/10 If not us-ing BibT[]X, you will have to cre-ate the
 []

[2]
LaTeX Font Info:    Trying to load font information for U+euf on input line 286.
 (C:\Users\Ignacio Lembo\AppData\Local\Programs\MiKTeX\tex/latex/amsfonts\ueuf.fd
File: ueuf.fd 2013/01/14 v3.01 Euler Fraktur
)
Underfull \hbox (badness 4819) in paragraph at lines 334--337
[]\OT1/cmr/m/n/10 Multiline equa-tions are ob-tained by us-ing the
 []


Underfull \hbox (badness 1152) in paragraph at lines 381--392
 \OT1/cmr/m/it/10 a. A few notes on \OT1/cmtt/m/it/10 tag\OT1/cmr/m/it/10 s[] [][]\OT1/cmtt/m/n/10 \tag{#1} []\OT1/cmr/m/n/10 re-quires the
 []


Underfull \hbox (badness 10000) in paragraph at lines 393--402
[]\OT1/cmr/m/n/10 Enclosing dis-play math within
 []


Underfull \hbox (badness 10000) in paragraph at lines 393--402
[][]\OT1/cmtt/m/n/10 \begin{subequations} []\OT1/cmr/m/n/10 and [][]\OT1/cmtt/m/n/10 \end{subequations}
 []

[3]
Underfull \hbox (badness 2626) in paragraph at lines 413--419
\OT1/cmr/m/n/10 Giving a [][]\OT1/cmtt/m/n/10 \label{#1} []\OT1/cmr/m/n/10 com-mand di-rectly af-ter the
 []

Package epstopdf Info: Source file: <fig_1.eps>
(epstopdf)                    date: 2023-05-08 00:29:44
(epstopdf)                    size: 193 bytes
(epstopdf)             Output file: <fig_1-eps-converted-to.pdf>
(epstopdf)                    date: 2023-05-26 15:10:34
(epstopdf)                    size: 4791 bytes
(epstopdf)             Command: <miktex-epstopdf --outfile=fig_1-eps-converted-to.pdf fig_1.eps>
(epstopdf)             \includegraphics on input line 485.
Package epstopdf Info: Output file is already uptodate.


pdfTeX warning: pdflatex (file ./fig_1-eps-converted-to.pdf): PDF inclusion: found PDF version <1.7>, but at most version <1.5> allowed
<fig_1-eps-converted-to.pdf, id=37, 100.375pt x 100.375pt>
File: fig_1-eps-converted-to.pdf Graphic file (type pdf)
<use fig_1-eps-converted-to.pdf>
Package pdftex.def Info: fig_1-eps-converted-to.pdf  used on input line 485.
(pdftex.def)             Requested size: 100.37474pt x 100.37474pt.
Package epstopdf Info: Source file: <fig_2.eps>
(epstopdf)                    date: 2023-05-08 00:29:44
(epstopdf)                    size: 196 bytes
(epstopdf)             Output file: <fig_2-eps-converted-to.pdf>
(epstopdf)                    date: 2023-05-26 15:10:36
(epstopdf)                    size: 5065 bytes
(epstopdf)             Command: <miktex-epstopdf --outfile=fig_2-eps-converted-to.pdf fig_2.eps>
(epstopdf)             \includegraphics on input line 501.
Package epstopdf Info: Output file is already uptodate.


pdfTeX warning: pdflatex (file ./fig_2-eps-converted-to.pdf): PDF inclusion: found PDF version <1.7>, but at most version <1.5> allowed
<fig_2-eps-converted-to.pdf, id=38, 501.875pt x 80.3pt>
File: fig_2-eps-converted-to.pdf Graphic file (type pdf)
<use fig_2-eps-converted-to.pdf>
Package pdftex.def Info: fig_2-eps-converted-to.pdf  used on input line 501.
(pdftex.def)             Requested size: 501.87376pt x 80.29979pt.
LaTeX Font Info:    Font shape `OMS/cmr/m/n' in size <9> not available
(Font)              Font shape `OMS/cmsy/m/n' tried instead on input line 510.
[4 <./fig_1-eps-converted-to.pdf>] [5 <./fig_2-eps-converted-to.pdf>]
Package epstopdf Info: Source file: <vid_1a.eps>
(epstopdf)                    date: 2023-05-08 00:29:44
(epstopdf)                    size: 194 bytes
(epstopdf)             Output file: <vid_1a-eps-converted-to.pdf>
(epstopdf)                    date: 2023-05-26 15:10:37
(epstopdf)                    size: 4867 bytes
(epstopdf)             Command: <miktex-epstopdf --outfile=vid_1a-eps-converted-to.pdf vid_1a.eps>
(epstopdf)             \includegraphics on input line 660.
Package epstopdf Info: Output file is already uptodate.


pdfTeX warning: pdflatex (file ./vid_1a-eps-converted-to.pdf): PDF inclusion: found PDF version <1.7>, but at most version <1.5> allowed
<vid_1a-eps-converted-to.pdf, id=59, 100.375pt x 100.375pt>
File: vid_1a-eps-converted-to.pdf Graphic file (type pdf)
<use vid_1a-eps-converted-to.pdf>
Package pdftex.def Info: vid_1a-eps-converted-to.pdf  used on input line 660.
(pdftex.def)             Requested size: 100.37474pt x 100.37474pt.
Package epstopdf Info: Source file: <vid_1b.eps>
(epstopdf)                    date: 2023-05-08 00:29:44
(epstopdf)                    size: 194 bytes
(epstopdf)             Output file: <vid_1b-eps-converted-to.pdf>
(epstopdf)                    date: 2023-05-26 15:10:38
(epstopdf)                    size: 4931 bytes
(epstopdf)             Command: <miktex-epstopdf --outfile=vid_1b-eps-converted-to.pdf vid_1b.eps>
(epstopdf)             \includegraphics on input line 662.
Package epstopdf Info: Output file is already uptodate.


pdfTeX warning: pdflatex (file ./vid_1b-eps-converted-to.pdf): PDF inclusion: found PDF version <1.7>, but at most version <1.5> allowed
<vid_1b-eps-converted-to.pdf, id=60, 100.375pt x 100.375pt>
File: vid_1b-eps-converted-to.pdf Graphic file (type pdf)
<use vid_1b-eps-converted-to.pdf>
Package pdftex.def Info: vid_1b-eps-converted-to.pdf  used on input line 662.
(pdftex.def)             Requested size: 100.37474pt x 100.37474pt.

Underfull \hbox (badness 7595) in paragraph at lines 655--676
[]\OT1/cmr/m/n/10 Video 1[] il-lus-trates sev-eral fea-tures new with
 []

(c:\Users\Ignacio Lembo\Documents\GitHub\IFAMO\revtex-tds-2020-10-22\revtex-tds\doc\latex\revtex\sample\aps\build\apssamp.bbl [6 <./vid_1a-eps-converted-to.pdf> <./vid_1b-eps-converted-to.pdf>]) [7] (c:\Users\Ignacio Lembo\Documents\GitHub\IFAMO\revtex-tds-2020-10-22\revtex-tds\doc\latex\revtex\sample\aps\build\apssamp.aux) ) 
Here is how much of TeX's memory you used:
 5236 strings out of 476406
 78326 string characters out of 2785756
 1894787 words of memory out of 3000000
 25513 multiletter control sequences out of 15000+600000
 529233 words of font info for 96 fonts, out of 8000000 for 9000
 1141 hyphenation exceptions out of 8191
 69i,16n,76p,674b,465s stack positions out of 10000i,1000n,20000p,200000b,80000s
<C:/Users/Ignacio Lembo/AppData/Local/Programs/MiKTeX/fonts/type1/public/amsfonts/cmextra/cmbsy9.pfb><C:/Users/Ignacio Lembo/AppData/Local/Programs/MiKTeX/fonts/type1/public/amsfonts/cm/cmbx10.pfb><C:/Users/Ignacio Lembo/AppData/Local/Programs/MiKTeX/fonts/type1/public/amsfonts/cm/cmbx12.pfb><C:/Users/Ignacio Lembo/AppData/Local/Programs/MiKTeX/fonts/type1/public/amsfonts/cm/cmbx9.pfb><C:/Users/Ignacio Lembo/AppData/Local/Programs/MiKTeX/fonts/type1/public/amsfonts/cm/cmex10.pfb><C:/Users/Ignacio Lembo/AppData/Local/Programs/MiKTeX/fonts/type1/public/amsfonts/cm/cmitt10.pfb><C:/Users/Ignacio Lembo/AppData/Local/Programs/MiKTeX/fonts/type1/public/amsfonts/cm/cmmi10.pfb><C:/Users/Ignacio Lembo/AppData/Local/Programs/MiKTeX/fonts/type1/public/amsfonts/cm/cmmi6.pfb><C:/Users/Ignacio Lembo/AppData/Local/Programs/MiKTeX/fonts/type1/public/amsfonts/cm/cmmi7.pfb><C:/Users/Ignacio Lembo/AppData/Local/Programs/MiKTeX/fonts/type1/public/amsfonts/cm/cmmi8.pfb><C:/Users/Ignacio Lembo/AppData/Local/Programs/MiKTeX/fonts/type1/public/amsfonts/cm/cmmi9.pfb><C:/Users/Ignacio Lembo/AppData/Local/Programs/MiKTeX/fonts/type1/public/amsfonts/cm/cmmib10.pfb><C:/Users/Ignacio Lembo/AppData/Local/Programs/MiKTeX/fonts/type1/public/amsfonts/cm/cmr10.pfb><C:/Users/Ignacio Lembo/AppData/Local/Programs/MiKTeX/fonts/type1/public/amsfonts/cm/cmr5.pfb><C:/Users/Ignacio Lembo/AppData/Local/Programs/MiKTeX/fonts/type1/public/amsfonts/cm/cmr6.pfb><C:/Users/Ignacio Lembo/AppData/Local/Programs/MiKTeX/fonts/type1/public/amsfonts/cm/cmr7.pfb><C:/Users/Ignacio Lembo/AppData/Local/Programs/MiKTeX/fonts/type1/public/amsfonts/cm/cmr8.pfb><C:/Users/Ignacio Lembo/AppData/Local/Programs/MiKTeX/fonts/type1/public/amsfonts/cm/cmr9.pfb><C:/Users/Ignacio Lembo/AppData/Local/Programs/MiKTeX/fonts/type1/public/amsfonts/cm/cmsy10.pfb><C:/Users/Ignacio Lembo/AppData/Local/Programs/MiKTeX/fonts/type1/public/amsfonts/cm/cmsy6.pfb><C:/Users/Ignacio Lembo/AppData/Local/Programs/MiKTeX/fonts/type1/public/amsfonts/cm/cmsy7.pfb><C:/Users/Ignacio Lembo/AppData/Local/Programs/MiKTeX/fonts/type1/public/amsfonts/cm/cmsy8.pfb><C:/Users/Ignacio Lembo/AppData/Local/Programs/MiKTeX/fonts/type1/public/amsfonts/cm/cmsy9.pfb><C:/Users/Ignacio Lembo/AppData/Local/Programs/MiKTeX/fonts/type1/public/amsfonts/cm/cmti10.pfb><C:/Users/Ignacio Lembo/AppData/Local/Programs/MiKTeX/fonts/type1/public/amsfonts/cm/cmti9.pfb><C:/Users/Ignacio Lembo/AppData/Local/Programs/MiKTeX/fonts/type1/public/amsfonts/cm/cmtt10.pfb><C:/Users/Ignacio Lembo/AppData/Local/Programs/MiKTeX/fonts/type1/public/amsfonts/cm/cmtt9.pfb><C:/Users/Ignacio Lembo/AppData/Local/Programs/MiKTeX/fonts/type1/public/amsfonts/euler/eufm10.pfb><C:/Users/Ignacio Lembo/AppData/Local/Programs/MiKTeX/fonts/type1/public/amsfonts/symbols/msam10.pfb><C:/Users/Ignacio Lembo/AppData/Local/Programs/MiKTeX/fonts/type1/public/amsfonts/symbols/msbm10.pfb>
Output written on "c:\Users\Ignacio Lembo\Documents\GitHub\IFAMO\revtex-tds-2020-10-22\revtex-tds\doc\latex\revtex\sample\aps\build\apssamp.pdf" (7 pages, 409134 bytes).
PDF statistics:
 200 PDF objects out of 1000 (max. 8388607)
 0 named destinations out of 1000 (max. 500000)
 21 words of extra memory for PDF output out of 10000 (max. 10000000)

